\bkeywordS:keywords\b
\bSLf:SLF\b
\bFVs:FVS\b
\bprograM:program\b
\bvarianT:variant\b
\bcommanD:command\b
\bextenS:extension\b
\bkrecordS:keyword records\b
\bsimfilE:simulation file\b
\bstanD:stand\b
\blandscapE:landscape\b
\btreedatA:tree data\b
\blocatioN:locations file\b
\bSLf:stand list file\b
\bspacescopE:spatial scope\b
\btimescopE:temporal scope\b
\bavailStanD:available stand\b
\baddfilE:addfile\b
\bgroupCode:group code\b
\bfreeForm:free form\b
\bcomponenT:component\b
\bmstexT:MSText\b
\bmsnamE:MSName\b
\bpkeY:PKey\b
\batlisT:ATList\b
\bpkeydatA:PKeyData\b
\bpstrinG:PString\b
\bparameteR:parameters file\b
\bstartYeaR:common starting year\b
\bendYeaR:common ending year\b
\bpostproC:post processor\b
\bcyclE:cycle\b
\bcycInterval:common cycle length\b
\bparmS:parms (FVS feature)\b
\bselecTW:Selections Window\b
\bmgmtiD:management identification\b
\bcasE:case\b
\bppE:Parallel Processing Extension (PPE)\b



